cscope 15 $HOME/studies/crypto/botan/csr -q 0000000026 0000000626
	@/home/ken/studies/crypto/botan/csr/main.cpp

1 
	~<bÙª/bÙª.h
>

2 
	~<bÙª/x509£lf.h
>

3 
	~<io¡»am
>

5 
	$maš
()

7 
BÙª
::
Lib¿ryIn™Ÿliz”
 
š™
;

8 
BÙª
::
AutoS“ded_RNG
 
ºg
;

9 
BÙª
::
X509_C”t_O±iÚs
 
Ýts
;

10 
Ýts
.
commÚ_Çme
 = "my client cert";

11 
Ýts
.
couÁry
 = "US";

12 
Ýts
.
Ügªiz©iÚ
 = "NMW";

13 
BÙª
::
Priv©e_Key
* 
key
 = BÙª::
PKCS8
::
	`lßd_key
("´iv©e.³m", 
ºg
);

14 
BÙª
::
PKCS10_Reque¡
 
c¤
 = BÙª::
X509
::
	`ü—‹_û¹_»q
(
Ýts
, *
key
, "SHA-256", 
ºg
);

15 
¡d
::
cout
 << 
c¤
.
	`PEM_’code
(è<< std::
’dl
;

18 
	}
}

	@
1
.
1
/usr/include
1
44
/home/ken/studies/crypto/botan/csr/main.cpp
